<?xml version="1.0" encoding="utf-8"?><testsuites name="pytest tests"><testsuite name="pytest" errors="0" failures="1" skipped="0" tests="10" time="9.670" timestamp="2026-04-19T20:54:13.372241+00:00" hostname="agent-env-af869923-f8a5-4978-aab8-94c618328410"><testcase classname="backend.tests.test_e2e_workflows.TestFlow1CustomerPayment" name="test_create_invoice_and_receive_payment" time="0.729" /><testcase classname="backend.tests.test_e2e_workflows.TestFlow2VendorPayment" name="test_create_bill_and_pay_vendor" time="0.316" /><testcase classname="backend.tests.test_e2e_workflows.TestFlow3ReceiveStock" name="test_receive_stock_increases_qty" time="0.222" /><testcase classname="backend.tests.test_e2e_workflows.TestFlow45Reports" name="test_profit_loss" time="0.059"><failure message="AssertionError: assert ('revenue' in {'cogs': 5683.29, 'expense_categories': [{'amount': 4600, 'category': 'Warehouse Rent'}, {'amount': 4200, 'category': 'Cold Storage'}, {'amount': 4090, 'category': 'Utilities'}, {'amount': 4050, 'category': 'Shipping &amp; Freight'}, {'amount': 3400, 'category': 'Insurance'}, {'amount': 2880, 'category': 'Equipment Maintenance'}, ...], 'gross_margin': 38.0, 'gross_profit': 3483.31, ...} or 'income' in {'cogs': 5683.29, 'expense_categories': [{'amount': 4600, 'category': 'Warehouse Rent'}, {'amount': 4200, 'category': 'Cold Storage'}, {'amount': 4090, 'category': 'Utilities'}, {'amount': 4050, 'category': 'Shipping &amp; Freight'}, {'amount': 3400, 'category': 'Insurance'}, {'amount': 2880, 'category': 'Equipment Maintenance'}, ...], 'gross_margin': 38.0, 'gross_profit': 3483.31, ...} or 'total_revenue' in {'cogs': 5683.29, 'expense_categories': [{'amount': 4600, 'category': 'Warehouse Rent'}, {'amount': 4200, 'category': 'Cold Storage'}, {'amount': 4090, 'category': 'Utilities'}, {'amount': 4050, 'category': 'Shipping &amp; Freight'}, {'amount': 3400, 'category': 'Insurance'}, {'amount': 2880, 'category': 'Equipment Maintenance'}, ...], 'gross_margin': 38.0, 'gross_profit': 3483.31, ...} or 'net_income' in {'cogs': 5683.29, 'expense_categories': [{'amount': 4600, 'category': 'Warehouse Rent'}, {'amount': 4200, 'category': 'Cold Storage'}, {'amount': 4090, 'category': 'Utilities'}, {'amount': 4050, 'category': 'Shipping &amp; Freight'}, {'amount': 3400, 'category': 'Insurance'}, {'amount': 2880, 'category': 'Equipment Maintenance'}, ...], 'gross_margin': 38.0, 'gross_profit': 3483.31, ...})">backend/tests/test_e2e_workflows.py:169: in test_profit_loss
    assert "revenue" in d or "income" in d or "total_revenue" in d or "net_income" in d
E   AssertionError: assert ('revenue' in {'cogs': 5683.29, 'expense_categories': [{'amount': 4600, 'category': 'Warehouse Rent'}, {'amount': 4200, 'category': 'Cold Storage'}, {'amount': 4090, 'category': 'Utilities'}, {'amount': 4050, 'category': 'Shipping &amp; Freight'}, {'amount': 3400, 'category': 'Insurance'}, {'amount': 2880, 'category': 'Equipment Maintenance'}, ...], 'gross_margin': 38.0, 'gross_profit': 3483.31, ...} or 'income' in {'cogs': 5683.29, 'expense_categories': [{'amount': 4600, 'category': 'Warehouse Rent'}, {'amount': 4200, 'category': 'Cold Storage'}, {'amount': 4090, 'category': 'Utilities'}, {'amount': 4050, 'category': 'Shipping &amp; Freight'}, {'amount': 3400, 'category': 'Insurance'}, {'amount': 2880, 'category': 'Equipment Maintenance'}, ...], 'gross_margin': 38.0, 'gross_profit': 3483.31, ...} or 'total_revenue' in {'cogs': 5683.29, 'expense_categories': [{'amount': 4600, 'category': 'Warehouse Rent'}, {'amount': 4200, 'category': 'Cold Storage'}, {'amount': 4090, 'category': 'Utilities'}, {'amount': 4050, 'category': 'Shipping &amp; Freight'}, {'amount': 3400, 'category': 'Insurance'}, {'amount': 2880, 'category': 'Equipment Maintenance'}, ...], 'gross_margin': 38.0, 'gross_profit': 3483.31, ...} or 'net_income' in {'cogs': 5683.29, 'expense_categories': [{'amount': 4600, 'category': 'Warehouse Rent'}, {'amount': 4200, 'category': 'Cold Storage'}, {'amount': 4090, 'category': 'Utilities'}, {'amount': 4050, 'category': 'Shipping &amp; Freight'}, {'amount': 3400, 'category': 'Insurance'}, {'amount': 2880, 'category': 'Equipment Maintenance'}, ...], 'gross_margin': 38.0, 'gross_profit': 3483.31, ...})</failure></testcase><testcase classname="backend.tests.test_e2e_workflows.TestFlow45Reports" name="test_balance_sheet" time="0.065" /><testcase classname="backend.tests.test_e2e_workflows.TestFlow67ARAP" name="test_receivables" time="0.063" /><testcase classname="backend.tests.test_e2e_workflows.TestFlow67ARAP" name="test_payables" time="0.058" /><testcase classname="backend.tests.test_e2e_workflows.TestFlow89AIAssistant" name="test_ai_overdue_query" time="3.585" /><testcase classname="backend.tests.test_e2e_workflows.TestFlow89AIAssistant" name="test_ai_inventory_query" time="4.259" /><testcase classname="backend.tests.test_e2e_workflows.TestFlow10CompanySwitch" name="test_data_isolated" time="0.220" /></testsuite></testsuites>