<?xml version="1.0" encoding="utf-8"?><testsuites name="pytest tests"><testsuite name="pytest" errors="0" failures="0" skipped="0" tests="9" time="1.026" timestamp="2026-04-19T23:31:16.888837+00:00" hostname="agent-env-af869923-f8a5-4978-aab8-94c618328410"><testcase classname="backend.tests.test_priority1_edits" name="test_expense_create_edit_persist" time="0.262" /><testcase classname="backend.tests.test_priority1_edits" name="test_customer_create_edit_persist" time="0.150" /><testcase classname="backend.tests.test_priority1_edits" name="test_vendor_create_edit_persist" time="0.140" /><testcase classname="backend.tests.test_priority1_edits" name="test_product_create_edit_persist" time="0.154" /><testcase classname="backend.tests.test_priority1_edits" name="test_list_endpoints_reachable[/api/companies/ckfrozen/expenses]" time="0.052" /><testcase classname="backend.tests.test_priority1_edits" name="test_list_endpoints_reachable[/api/companies/ckfrozen/customer-payments]" time="0.047" /><testcase classname="backend.tests.test_priority1_edits" name="test_list_endpoints_reachable[/api/companies/ckfrozen/vendor-payments]" time="0.049" /><testcase classname="backend.tests.test_priority1_edits" name="test_list_endpoints_reachable[/api/companies/ckfrozen/invoices]" time="0.052" /><testcase classname="backend.tests.test_priority1_edits" name="test_list_endpoints_reachable[/api/companies/ckfrozen/bills]" time="0.054" /></testsuite></testsuites>