<?xml version="1.0" encoding="utf-8"?><testsuites name="pytest tests"><testsuite name="pytest" errors="0" failures="1" skipped="1" tests="5" time="0.913" timestamp="2026-04-20T00:00:57.052289+00:00" hostname="agent-env-af869923-f8a5-4978-aab8-94c618328410"><testcase classname="backend.tests.test_priority2_cases" name="test_product_create_with_cases" time="0.371" /><testcase classname="backend.tests.test_priority2_cases" name="test_product_update_units_per_case" time="0.164" /><testcase classname="backend.tests.test_priority2_cases" name="test_product_backward_compat_case_quantity" time="0.179"><failure message="AssertionError: fallback from case_quantity failed: {'product_id': 'prod_b104dd346c', 'company_id': 'ckfrozen', 'name': 'TEST_P2_BackCompat', 'description': '', 'category': '', 'unit': 'pcs', 'units_per_case': 1, 'cost_price': 5.0, 'selling_price': 10.0, 'case_price': 0, 'cases_on_hand': 0, 'available_cases': 0, 'weight_info': '', 'sku': 'TEST-P2B-1776643257654', 'status': 'Active', 'created_at': '2026-04-20T00:00:57.695294+00:00', 'created_by': 'user_test_ai30qogd8wq'}&#10;assert 1 == 6&#10; +  where 1 = &lt;built-in method get of dict object at 0xfe05671be980&gt;('units_per_case')&#10; +    where &lt;built-in method get of dict object at 0xfe05671be980&gt; = {'available_cases': 0, 'case_price': 0, 'cases_on_hand': 0, 'category': '', ...}.get">backend/tests/test_priority2_cases.py:87: in test_product_backward_compat_case_quantity
    assert body.get("units_per_case") == 6, f"fallback from case_quantity failed: {body}"
E   AssertionError: fallback from case_quantity failed: {'product_id': 'prod_b104dd346c', 'company_id': 'ckfrozen', 'name': 'TEST_P2_BackCompat', 'description': '', 'category': '', 'unit': 'pcs', 'units_per_case': 1, 'cost_price': 5.0, 'selling_price': 10.0, 'case_price': 0, 'cases_on_hand': 0, 'available_cases': 0, 'weight_info': '', 'sku': 'TEST-P2B-1776643257654', 'status': 'Active', 'created_at': '2026-04-20T00:00:57.695294+00:00', 'created_by': 'user_test_ai30qogd8wq'}
E   assert 1 == 6
E    +  where 1 = &lt;built-in method get of dict object at 0xfe05671be980&gt;('units_per_case')
E    +    where &lt;built-in method get of dict object at 0xfe05671be980&gt; = {'available_cases': 0, 'case_price': 0, 'cases_on_hand': 0, 'category': '', ...}.get</failure></testcase><testcase classname="backend.tests.test_priority2_cases" name="test_products_list_includes_cases_fields" time="0.055" /><testcase classname="backend.tests.test_priority2_cases" name="test_stock_receipt_updates_inventory_and_product_cases" time="0.052"><skipped type="pytest.skip" message="No inventory item linked to a product available for receipt test">/app/backend/tests/test_priority2_cases.py:119: No inventory item linked to a product available for receipt test</skipped></testcase></testsuite></testsuites>